[debug] [2024-07-14T17:23:01.128Z] ----------------------------------------------------------------------
[debug] [2024-07-14T17:23:01.134Z] Command:       C:\Program Files\nodejs\node.exe C:\Users\Laddo\AppData\Roaming\npm\node_modules\firebase-tools\lib\bin\firebase.js init
[debug] [2024-07-14T17:23:01.136Z] CLI Version:   13.13.2
[debug] [2024-07-14T17:23:01.136Z] Platform:      win32
[debug] [2024-07-14T17:23:01.136Z] Node Version:  v21.6.1
[debug] [2024-07-14T17:23:01.138Z] Time:          Sun Jul 14 2024 22:53:01 GMT+0530 (India Standard Time)
[debug] [2024-07-14T17:23:01.139Z] ----------------------------------------------------------------------
[debug] 
[debug] [2024-07-14T17:23:01.163Z] > command requires scopes: ["email","openid","https://www.googleapis.com/auth/cloudplatformprojects.readonly","https://www.googleapis.com/auth/firebase","https://www.googleapis.com/auth/cloud-platform"]
[debug] [2024-07-14T17:23:01.164Z] > authorizing via signed-in user (anjalimaddheshiya99@gmail.com)
[info] 
     ######## #### ########  ######## ########     ###     ######  ########
     ##        ##  ##     ## ##       ##     ##  ##   ##  ##       ##
     ######    ##  ########  ######   ########  #########  ######  ######
     ##        ##  ##    ##  ##       ##     ## ##     ##       ## ##
     ##       #### ##     ## ######## ########  ##     ##  ######  ########

You're about to initialize a Firebase project in this directory:

  C:\Gmail_app\gmail_app

Before we get started, keep in mind:

  * You are currently outside your home directory

